<?xml version="1.0" encoding="UTF-8"?>
<!-- Generated by org.testng.reporters.JUnitReportReporter -->
<testsuite hostname="DESKTOP-L3R15EB" failures="0" tests="2" name="Nop_Commerce_project.ClothingGroups" time="25.532" errors="0" timestamp="29 Jan 2024 12:15:56 GMT">
  <testcase classname="Nop_Commerce_project.ClothingGroups" name="secoundProduct" time="13.024"/>
  <testcase classname="Nop_Commerce_project.ClothingGroups" name="ThirdProduct" time="12.508"/>
</testsuite> <!-- Nop_Commerce_project.ClothingGroups -->
