<?xml version="1.0" encoding="UTF-8"?>
<!-- Generated by org.testng.reporters.JUnitReportReporter -->
<testsuite hostname="DESKTOP-L3R15EB" failures="0" tests="1" name="Day4.TestNG2" time="28.083" errors="0" timestamp="23 Jan 2024 04:40:34 GMT">
  <testcase classname="Day4.TestNG2" name="scrollAndclick" time="28.083"/>
</testsuite> <!-- Day4.TestNG2 -->
