<?xml version="1.0" encoding="UTF-8"?>
<!-- Generated by org.testng.reporters.JUnitReportReporter -->
<testsuite hostname="DESKTOP-L3R15EB" failures="0" tests="3" name="Day5.DividedIntoGroups" time="15.454" errors="0" timestamp="18 Jan 2024 05:57:37 GMT">
  <testcase classname="Day5.DividedIntoGroups" name="API" time="8.843"/>
  <testcase classname="Day5.DividedIntoGroups" name="sector" time="2.322"/>
  <testcase classname="Day5.DividedIntoGroups" name="CDO" time="4.289"/>
</testsuite> <!-- Day5.DividedIntoGroups -->
