<?xml version="1.0" encoding="UTF-8"?>
<!-- Generated by org.testng.reporters.JUnitReportReporter -->
<testsuite hostname="DESKTOP-L3R15EB" failures="0" tests="2" name="Day4.ParallelTest" time="23.918" errors="0" timestamp="26 Jan 2024 21:46:51 GMT">
  <testcase classname="Day4.ParallelTest" name="chomeTest" time="10.950"/>
  <testcase classname="Day4.ParallelTest" name="firefooxTest" time="12.968"/>
</testsuite> <!-- Day4.ParallelTest -->
