<?xml version="1.0" encoding="UTF-8"?>
<!-- Generated by org.testng.reporters.JUnitReportReporter -->
<testsuite hostname="DESKTOP-L3R15EB" failures="0" tests="20" name="Assignment.Data_provider" time="210.138" errors="0" timestamp="27 Jan 2024 17:11:54 GMT">
  <testcase classname="Assignment.Data_provider" name="test" time="10.369"/>
  <testcase classname="Assignment.Data_provider" name="test" time="10.254"/>
  <testcase classname="Assignment.Data_provider" name="test" time="10.414"/>
  <testcase classname="Assignment.Data_provider" name="test" time="13.436"/>
  <testcase classname="Assignment.Data_provider" name="test" time="9.999"/>
  <testcase classname="Assignment.Data_provider" name="test" time="11.103"/>
  <testcase classname="Assignment.Data_provider" name="test" time="10.628"/>
  <testcase classname="Assignment.Data_provider" name="test" time="10.222"/>
  <testcase classname="Assignment.Data_provider" name="test" time="9.974"/>
  <testcase classname="Assignment.Data_provider" name="test" time="9.860"/>
  <testcase classname="Assignment.Data_provider" name="test" time="9.939"/>
  <testcase classname="Assignment.Data_provider" name="test" time="10.346"/>
  <testcase classname="Assignment.Data_provider" name="test" time="10.296"/>
  <testcase classname="Assignment.Data_provider" name="test" time="10.247"/>
  <testcase classname="Assignment.Data_provider" name="test" time="10.434"/>
  <testcase classname="Assignment.Data_provider" name="test" time="10.183"/>
  <testcase classname="Assignment.Data_provider" name="test" time="10.155"/>
  <testcase classname="Assignment.Data_provider" name="test" time="10.326"/>
  <testcase classname="Assignment.Data_provider" name="test" time="11.360"/>
  <testcase classname="Assignment.Data_provider" name="test" time="10.593"/>
</testsuite> <!-- Assignment.Data_provider -->
