<?xml version="1.0" encoding="UTF-8"?>
<!-- Generated by org.testng.reporters.JUnitReportReporter -->
<testsuite hostname="DESKTOP-L3R15EB" failures="0" tests="2" name="Day4.CheckVirendra" time="9.438" errors="0" timestamp="16 Jan 2024 20:07:28 GMT">
  <testcase classname="Day4.CheckVirendra" name="test1" time="7.305"/>
  <testcase classname="Day4.CheckVirendra" name="test2" time="2.133"/>
</testsuite> <!-- Day4.CheckVirendra -->
