<?xml version="1.0" encoding="UTF-8"?>
<!-- Generated by org.testng.reporters.JUnitReportReporter -->
<testsuite hostname="DESKTOP-L3R15EB" failures="0" tests="1" name="Day5.dataDriven" time="1.792" errors="0" timestamp="17 Jan 2024 13:57:32 GMT">
  <testcase classname="Day5.dataDriven" name="LogInTest" time="1.792"/>
</testsuite> <!-- Day5.dataDriven -->
