<?xml version="1.0" encoding="UTF-8"?>
<!-- Generated by org.testng.reporters.JUnitReportReporter -->
<testsuite hostname="DESKTOP-L3R15EB" failures="0" tests="4" name="Nop_Commerce_project.Clothing" time="69.844" errors="0" timestamp="29 Jan 2024 12:12:00 GMT">
  <testcase classname="Nop_Commerce_project.Clothing" name="FirstProduct" time="16.623"/>
  <testcase classname="Nop_Commerce_project.Clothing" name="secoundProduct" time="20.692"/>
  <testcase classname="Nop_Commerce_project.Clothing" name="LastProduct" time="13.922"/>
  <testcase classname="Nop_Commerce_project.Clothing" name="ThirdProduct" time="18.607"/>
</testsuite> <!-- Nop_Commerce_project.Clothing -->
