<?xml version="1.0" encoding="UTF-8"?>
<!-- Generated by org.testng.reporters.JUnitReportReporter -->
<testsuite hostname="DESKTOP-L3R15EB" failures="0" tests="4" name="Day5.DataProvider" time="39.391" errors="0" timestamp="19 Jan 2024 19:54:30 GMT">
  <testcase classname="Day5.DataProvider" name="logintest" time="10.006"/>
  <testcase classname="Day5.DataProvider" name="logintest" time="8.655"/>
  <testcase classname="Day5.DataProvider" name="logintest" time="10.572"/>
  <testcase classname="Day5.DataProvider" name="logintest" time="10.158"/>
</testsuite> <!-- Day5.DataProvider -->
