<?xml version="1.0" encoding="UTF-8"?>
<!-- Generated by org.testng.reporters.JUnitReportReporter -->
<testsuite hostname="DESKTOP-L3R15EB" failures="0" tests="1" name="Assignment.WindowHandel" time="27.752" errors="0" timestamp="23 Jan 2024 14:00:37 GMT">
  <testcase classname="Assignment.WindowHandel" name="window" time="27.752"/>
</testsuite> <!-- Assignment.WindowHandel -->
