<?xml version="1.0" encoding="UTF-8"?>
<!-- Generated by org.testng.reporters.JUnitReportReporter -->
<testsuite hostname="DESKTOP-L3R15EB" failures="0" tests="1" name="Assignment.Screenshot" time="7.046" errors="0" timestamp="23 Jan 2024 15:56:09 GMT">
  <testcase classname="Assignment.Screenshot" name="UploadAndScreenshot" time="7.046"/>
</testsuite> <!-- Assignment.Screenshot -->
