<?xml version="1.0" encoding="UTF-8"?>
<!-- Generated by org.testng.reporters.JUnitReportReporter -->
<testsuite hostname="DESKTOP-L3R15EB" failures="0" tests="4" name="AboutDataProvider.DataProvider" time="43.584" errors="0" timestamp="20 Jan 2024 20:30:56 GMT">
  <testcase classname="AboutDataProvider.DataProvider" name="sign_in" time="10.560"/>
  <testcase classname="AboutDataProvider.DataProvider" name="sign_in" time="10.707"/>
  <testcase classname="AboutDataProvider.DataProvider" name="sign_in" time="9.903"/>
  <testcase classname="AboutDataProvider.DataProvider" name="sign_in" time="12.414"/>
</testsuite> <!-- AboutDataProvider.DataProvider -->
