<?xml version="1.0" encoding="UTF-8"?>
<!-- Generated by org.testng.reporters.JUnitReportReporter -->
<testsuite hostname="DESKTOP-L3R15EB" failures="0" tests="1" name="Day6.ExtentReport" time="6.395" errors="0" timestamp="22 Jan 2024 07:51:46 GMT">
  <testcase classname="Day6.ExtentReport" name="LogInTest" time="6.395"/>
</testsuite> <!-- Day6.ExtentReport -->
