<?xml version="1.0" encoding="UTF-8"?>
<!-- Generated by org.testng.reporters.JUnitReportReporter -->
<testsuite hostname="DESKTOP-L3R15EB" failures="0" tests="4" name="Nop_Commerce_project.AddtoCart" time="32.637" errors="0" timestamp="29 Jan 2024 12:18:40 GMT">
  <testcase classname="Nop_Commerce_project.AddtoCart" name="checkout" time="20.742"/>
  <testcase classname="Nop_Commerce_project.AddtoCart" name="screenshot" time="2.220"/>
  <testcase classname="Nop_Commerce_project.AddtoCart" name="SelectProduct" time="3.518"/>
  <testcase classname="Nop_Commerce_project.AddtoCart" name="AddtoCart" time="6.157"/>
</testsuite> <!-- Nop_Commerce_project.AddtoCart -->
