<?xml version="1.0" encoding="UTF-8"?>
<!-- Generated by org.testng.reporters.JUnitReportReporter -->
<testsuite hostname="DESKTOP-L3R15EB" failures="0" tests="4" name="JustPractice.DataProvider" time="33.016" errors="0" timestamp="20 Jan 2024 18:57:26 GMT">
  <testcase classname="JustPractice.DataProvider" name="LoginTest" time="8.067"/>
  <testcase classname="JustPractice.DataProvider" name="LoginTest" time="8.556"/>
  <testcase classname="JustPractice.DataProvider" name="LoginTest" time="8.158"/>
  <testcase classname="JustPractice.DataProvider" name="LoginTest" time="8.235"/>
</testsuite> <!-- JustPractice.DataProvider -->
